<?xml version="1.0" encoding="UTF-8" ?>
<testsuite tests="1" failures="0" name="helloworld.AppTest" time="3.405" errors="0" skipped="0">
  <properties>
    <property name="java.runtime.name" value="Java(TM) SE Runtime Environment"/>
    <property name="java.vm.version" value="12.0.2+10"/>
    <property name="sun.boot.library.path" value="C:\Program Files\Java\jdk-12.0.2\bin"/>
    <property name="maven.multiModuleProjectDirectory" value="C:\Users\coner\Dropbox\Proyectos\Proyecto\Escritorio\SASERCON\sasercon-backend\HelloWorldFunction"/>
    <property name="java.vm.vendor" value="Oracle Corporation"/>
    <property name="java.vendor.url" value="https://java.oracle.com/"/>
    <property name="guice.disable.misplaced.annotation.check" value="true"/>
    <property name="path.separator" value=";"/>
    <property name="java.vm.name" value="Java HotSpot(TM) 64-Bit Server VM"/>
    <property name="sun.os.patch.level" value=""/>
    <property name="user.script" value=""/>
    <property name="user.country" value="MX"/>
    <property name="sun.java.launcher" value="SUN_STANDARD"/>
    <property name="java.vm.specification.name" value="Java Virtual Machine Specification"/>
    <property name="user.dir" value="C:\Users\coner\Dropbox\Proyectos\Proyecto\Escritorio\SASERCON\sasercon-backend\HelloWorldFunction"/>
    <property name="java.vm.compressedOopsMode" value="Zero based"/>
    <property name="java.runtime.version" value="12.0.2+10"/>
    <property name="java.awt.graphicsenv" value="sun.awt.Win32GraphicsEnvironment"/>
    <property name="os.arch" value="amd64"/>
    <property name="java.io.tmpdir" value="C:\Users\coner\AppData\Local\Temp\"/>
    <property name="line.separator" value="
"/>
    <property name="java.vm.specification.vendor" value="Oracle Corporation"/>
    <property name="user.variant" value=""/>
    <property name="os.name" value="Windows 10"/>
    <property name="classworlds.conf" value="C:\ProgramData\chocolatey\lib\maven\apache-maven-3.6.1\bin\..\bin\m2.conf"/>
    <property name="sun.jnu.encoding" value="Cp1252"/>
    <property name="java.library.path" value="C:\Program Files\Java\jdk-12.0.2\bin;C:\WINDOWS\Sun\Java\bin;C:\WINDOWS\system32;C:\WINDOWS;C:\Program Files (x86)\Common Files\Oracle\Java\javapath;D:\Users\coner\AppData\Local\Programs\Python\Python37\Scripts\;D:\Users\coner\AppData\Local\Programs\Python\Python37\;C:\Windows\system32;C:\Windows;C:\Windows\System32\Wbem;C:\WINDOWS\system32;C:\WINDOWS;C:\WINDOWS\System32\Wbem;C:\WINDOWS\System32\WindowsPowerShell\v1.0\;C:\WINDOWS\System32\OpenSSH\;D:\Windows Kits\10\Windows Performance Toolkit\;C:\php;C:\xampp\php;D:\Program Files\nodejs\;D:\Program Files\Git\bin;D:\adb;D:\Program Files\Calibre2\;C:\Program Files\Amazon\AWSSAMCLI\bin\;C:\ProgramData\chocolatey\lib\maven\apache-maven-3.6.1\bin;C:\Program Files\Amazon\AWSCLIV2\;C:\Program Files\Docker\Docker\resources\bin;C:\ProgramData\DockerDesktop\version-bin;C:\Users\coner\AppData\Local\Microsoft\WindowsApps;C:\Users\coner\AppData\Local\atom\bin;C:\Users\coner\AppData\Local\GitHubDesktop\bin;D:\Program Files\Java\jre1.8.0_192\bin;C:\Program Files\Java\jdk1.8.0_73\bin;C:\Program Files\Java\jdk-11.0.1\bin;D:\Users\coner\AppData\Local\Programs\Microsoft VS Code\bin;C:\src\flutter\bin;C:\Users\coner\AppData\Local\Microsoft\WindowsApps;C:\Program Files\Intel\WiFi\bin\;C:\Program Files\Common Files\Intel\WirelessCommon\;C:\Users\coner\go\bin;C:\ProgramData\chocolatey\lib\msys2;C:\tools\msys64;C:\Users\coner\AppData\Roaming\Composer\vendor\bin;D:\Program Files\JetBrains\PhpStorm 2019.3.1\bin;;C:\Program Files (x86)\Nmap;C:\xampp\php;C:\php;C:\Users\coner\AppData\Roaming\npm;D:\Program Files\Git\bin;;."/>
    <property name="maven.conf" value="C:\ProgramData\chocolatey\lib\maven\apache-maven-3.6.1\bin\../conf"/>
    <property name="jdk.debug" value="release"/>
    <property name="java.class.version" value="56.0"/>
    <property name="java.specification.name" value="Java Platform API Specification"/>
    <property name="sun.management.compiler" value="HotSpot 64-Bit Tiered Compilers"/>
    <property name="os.version" value="10.0"/>
    <property name="library.jansi.path" value="C:\ProgramData\chocolatey\lib\maven\apache-maven-3.6.1\bin\..\lib\jansi-native"/>
    <property name="user.home" value="C:\Users\coner"/>
    <property name="user.timezone" value="America/Mexico_City"/>
    <property name="file.encoding" value="Cp1252"/>
    <property name="java.specification.version" value="12"/>
    <property name="user.name" value="coner"/>
    <property name="java.class.path" value="C:\ProgramData\chocolatey\lib\maven\apache-maven-3.6.1\bin\..\boot\plexus-classworlds-2.6.0.jar"/>
    <property name="java.vm.specification.version" value="12"/>
    <property name="sun.arch.data.model" value="64"/>
    <property name="sun.java.command" value="org.codehaus.plexus.classworlds.launcher.Launcher clean install"/>
    <property name="java.home" value="C:\Program Files\Java\jdk-12.0.2"/>
    <property name="user.language" value="es"/>
    <property name="java.specification.vendor" value="Oracle Corporation"/>
    <property name="awt.toolkit" value="sun.awt.windows.WToolkit"/>
    <property name="java.vm.info" value="mixed mode, sharing"/>
    <property name="java.version" value="12.0.2"/>
    <property name="java.vendor" value="Oracle Corporation"/>
    <property name="sun.stderr.encoding" value="cp850"/>
    <property name="maven.home" value="C:\ProgramData\chocolatey\lib\maven\apache-maven-3.6.1\bin\.."/>
    <property name="file.separator" value="\"/>
    <property name="java.version.date" value="2019-07-16"/>
    <property name="java.vendor.url.bug" value="https://bugreport.java.com/bugreport/"/>
    <property name="sun.io.unicode.encoding" value="UnicodeLittle"/>
    <property name="sun.cpu.endian" value="little"/>
    <property name="sun.stdout.encoding" value="cp850"/>
    <property name="sun.desktop" value="windows"/>
    <property name="sun.cpu.isalist" value="amd64"/>
  </properties>
  <testcase classname="helloworld.AppTest" name="successfulResponse" time="3.405"/>
</testsuite>